c:\users\charlie\source\repos\unidimension\unidimension\debug\vc142.pdb
c:\users\charlie\source\repos\unidimension\unidimension\debug\vc142.idb
c:\users\charlie\source\repos\unidimension\unidimension\debug\unidimension.obj
c:\users\charlie\source\repos\unidimension\unidimension\debug\operation.obj
c:\users\charlie\source\repos\unidimension\unidimension\debug\unidimensional.obj
c:\users\charlie\source\repos\unidimension\debug\unidimension.exe
c:\users\charlie\source\repos\unidimension\debug\unidimension.ilk
c:\users\charlie\source\repos\unidimension\debug\unidimension.pdb
c:\users\charlie\source\repos\estructuradedatos\unidimension\unidimension\debug\operation.obj
c:\users\charlie\source\repos\estructuradedatos\unidimension\unidimension\debug\unidimension.obj
c:\users\charlie\source\repos\estructuradedatos\unidimension\unidimension\debug\unidimensional.obj
c:\users\charlie\source\repos\estructuradedatos\unidimension\unidimension\debug\vc142.idb
c:\users\charlie\source\repos\estructuradedatos\unidimension\unidimension\debug\vc142.pdb
c:\users\charlie\source\repos\estructuradedatos\unidimension\debug\unidimension.pdb
c:\users\charlie\source\repos\estructuradedatos\unidimension\debug\unidimension.exe
c:\users\charlie\source\repos\estructuradedatos\unidimension\debug\unidimension.ilk
c:\users\charlie\source\repos\estructuradedatos\unidimension\unidimension\debug\unidimension.tlog\cl.command.1.tlog
c:\users\charlie\source\repos\estructuradedatos\unidimension\unidimension\debug\unidimension.tlog\cl.read.1.tlog
c:\users\charlie\source\repos\estructuradedatos\unidimension\unidimension\debug\unidimension.tlog\cl.write.1.tlog
c:\users\charlie\source\repos\estructuradedatos\unidimension\unidimension\debug\unidimension.tlog\link.command.1.tlog
c:\users\charlie\source\repos\estructuradedatos\unidimension\unidimension\debug\unidimension.tlog\link.read.1.tlog
c:\users\charlie\source\repos\estructuradedatos\unidimension\unidimension\debug\unidimension.tlog\link.write.1.tlog
